Using pre-set license
Built from '2020.3/staging' branch; Version is '2020.3.11f1 (99c7afb366b3) revision 10078127'; Using compiler version '192528614'; Build Type 'Release'
OS: 'Windows 10 Pro; OS build 19042.685; Version 2009; 64bit' Language: 'ru' Physical Memory: 8174 MB
BatchMode: 1, IsHumanControllingUs: 0, StartBugReporterOnCrash: 0, Is64bit: 1, IsPro: 0

 COMMAND LINE ARGUMENTS:
C:\Program Files\Unity\Hub\Editor\2020.3.11f1\Editor\Unity.exe
-adb2
-batchMode
-noUpm
-name
AssetImportWorker0
-projectPath
C:/Users/root/Documents/thegoldenclan
-logFile
Logs/AssetImportWorker0.log
-srvPort
50129
Successfully changed project path to: C:/Users/root/Documents/thegoldenclan
C:/Users/root/Documents/thegoldenclan
Using Asset Import Pipeline V2.
Refreshing native plugins compatible for Editor in 79.76 ms, found 3 plugins.
Preloading 0 native plugins for Editor in 0.00 ms.
Initialize engine version: 2020.3.11f1 (99c7afb366b3)
[Subsystems] Discovering subsystems at path C:/Program Files/Unity/Hub/Editor/2020.3.11f1/Editor/Data/Resources/UnitySubsystems
[Subsystems] Discovering subsystems at path C:/Users/root/Documents/thegoldenclan/Assets
GfxDevice: creating device client; threaded=0
Direct3D:
    Version:  Direct3D 11.0 [level 11.1]
    Renderer: NVIDIA GeForce GTX 1050 Ti (ID=0x1c82)
    Vendor:   
    VRAM:     4018 MB
    Driver:   27.21.14.5671
Initialize mono
Mono path[0] = 'C:/Program Files/Unity/Hub/Editor/2020.3.11f1/Editor/Data/Managed'
Mono path[1] = 'C:/Program Files/Unity/Hub/Editor/2020.3.11f1/Editor/Data/MonoBleedingEdge/lib/mono/unityjit'
Mono config path = 'C:/Program Files/Unity/Hub/Editor/2020.3.11f1/Editor/Data/MonoBleedingEdge/etc'
Using monoOptions --debugger-agent=transport=dt_socket,embedding=1,server=y,suspend=n,address=127.0.0.1:56212
Begin MonoManager ReloadAssembly
Registering precompiled unity dll's ...
Register platform support module: C:/Program Files/Unity/Hub/Editor/2020.3.11f1/Editor/Data/PlaybackEngines/WindowsStandaloneSupport/UnityEditor.WindowsStandalone.Extensions.dll
Registered in 0.004802 seconds.
Native extension for WindowsStandalone target not found
Refreshing native plugins compatible for Editor in 84.64 ms, found 3 plugins.
Preloading 0 native plugins for Editor in 0.00 ms.
Mono: successfully reloaded assembly
- Completed reload, in  3.174 seconds
Platform modules already initialized, skipping
Registering precompiled user dll's ...
Registered in 0.008219 seconds.
Begin MonoManager ReloadAssembly
Native extension for WindowsStandalone target not found
Refreshing native plugins compatible for Editor in 127.10 ms, found 3 plugins.
Preloading 0 native plugins for Editor in 0.00 ms.
Mono: successfully reloaded assembly
- Completed reload, in  2.618 seconds
Platform modules already initialized, skipping
========================================================================
Worker process is ready to serve import requests
Launched and connected shader compiler UnityShaderCompiler.exe after 0.07 seconds
Refreshing native plugins compatible for Editor in 0.81 ms, found 3 plugins.
Preloading 0 native plugins for Editor in 0.00 ms.
Unloading 2339 Unused Serialized files (Serialized files now loaded: 0)
System memory in use before: 108.4 MB.
System memory in use after: 107.3 MB.

Unloading 44 unused Assets to reduce memory usage. Loaded Objects now: 2764.
Total: 4.972100 ms (FindLiveObjects: 0.489200 ms CreateObjectMapping: 0.128600 ms MarkObjects: 2.680100 ms  DeleteObjects: 1.671500 ms)

========================================================================
Received Import Request.
  path: Assets/Materials/Scripts/Enemy/EnemyShoot.cs
  artifactKey: Guid(0008b09b50ff7074980a61cf01d76440) Importer(815301076,1909f56bfc062723c751e8b465ee728b)
Start importing Assets/Materials/Scripts/Enemy/EnemyShoot.cs using Guid(0008b09b50ff7074980a61cf01d76440) Importer(815301076,1909f56bfc062723c751e8b465ee728b)  -> (artifact id: 'aa168715f34b79b057e638b9fd8ff1bb') in 0.041477 seconds
  Import took 0.046749 seconds .

========================================================================
Received Prepare
Registering precompiled user dll's ...
Registered in 0.007730 seconds.
Begin MonoManager ReloadAssembly
Native extension for WindowsStandalone target not found
Refreshing native plugins compatible for Editor in 0.85 ms, found 3 plugins.
Preloading 0 native plugins for Editor in 0.00 ms.
Mono: successfully reloaded assembly
- Completed reload, in  1.760 seconds
Platform modules already initialized, skipping
Refreshing native plugins compatible for Editor in 0.86 ms, found 3 plugins.
Preloading 0 native plugins for Editor in 0.00 ms.
Unloading 2307 Unused Serialized files (Serialized files now loaded: 0)
System memory in use before: 105.8 MB.
System memory in use after: 104.7 MB.

Unloading 32 unused Assets to reduce memory usage. Loaded Objects now: 2768.
Total: 4.956800 ms (FindLiveObjects: 0.453700 ms CreateObjectMapping: 0.129300 ms MarkObjects: 2.675900 ms  DeleteObjects: 1.696400 ms)

========================================================================
Received Prepare
Registering precompiled user dll's ...
Registered in 0.006945 seconds.
Begin MonoManager ReloadAssembly
Native extension for WindowsStandalone target not found
Refreshing native plugins compatible for Editor in 0.91 ms, found 3 plugins.
Preloading 0 native plugins for Editor in 0.00 ms.
Mono: successfully reloaded assembly
- Completed reload, in  1.673 seconds
Platform modules already initialized, skipping
Refreshing native plugins compatible for Editor in 0.87 ms, found 3 plugins.
Preloading 0 native plugins for Editor in 0.00 ms.
Unloading 2307 Unused Serialized files (Serialized files now loaded: 0)
System memory in use before: 105.9 MB.
System memory in use after: 104.8 MB.

Unloading 32 unused Assets to reduce memory usage. Loaded Objects now: 2772.
Total: 4.752400 ms (FindLiveObjects: 0.430700 ms CreateObjectMapping: 0.130500 ms MarkObjects: 2.451300 ms  DeleteObjects: 1.738600 ms)

========================================================================
Received Prepare
Registering precompiled user dll's ...
Registered in 0.006795 seconds.
Begin MonoManager ReloadAssembly
Native extension for WindowsStandalone target not found
Refreshing native plugins compatible for Editor in 0.81 ms, found 3 plugins.
Preloading 0 native plugins for Editor in 0.00 ms.
Mono: successfully reloaded assembly
- Completed reload, in  1.694 seconds
Platform modules already initialized, skipping
Refreshing native plugins compatible for Editor in 0.84 ms, found 3 plugins.
Preloading 0 native plugins for Editor in 0.00 ms.
Unloading 2307 Unused Serialized files (Serialized files now loaded: 0)
System memory in use before: 105.9 MB.
System memory in use after: 104.8 MB.

Unloading 32 unused Assets to reduce memory usage. Loaded Objects now: 2776.
Total: 5.210500 ms (FindLiveObjects: 0.439100 ms CreateObjectMapping: 0.140400 ms MarkObjects: 2.626000 ms  DeleteObjects: 2.003600 ms)

========================================================================
Received Prepare
Registering precompiled user dll's ...
Registered in 0.006811 seconds.
Begin MonoManager ReloadAssembly
Native extension for WindowsStandalone target not found
Refreshing native plugins compatible for Editor in 0.83 ms, found 3 plugins.
Preloading 0 native plugins for Editor in 0.00 ms.
Mono: successfully reloaded assembly
- Completed reload, in  1.665 seconds
Platform modules already initialized, skipping
Refreshing native plugins compatible for Editor in 0.85 ms, found 3 plugins.
Preloading 0 native plugins for Editor in 0.00 ms.
Unloading 2307 Unused Serialized files (Serialized files now loaded: 0)
System memory in use before: 105.9 MB.
System memory in use after: 104.8 MB.

Unloading 32 unused Assets to reduce memory usage. Loaded Objects now: 2780.
Total: 4.928200 ms (FindLiveObjects: 0.453700 ms CreateObjectMapping: 0.132200 ms MarkObjects: 2.514200 ms  DeleteObjects: 1.826500 ms)

========================================================================
Received Prepare
Registering precompiled user dll's ...
Registered in 0.006908 seconds.
Begin MonoManager ReloadAssembly
Native extension for WindowsStandalone target not found
Refreshing native plugins compatible for Editor in 0.84 ms, found 3 plugins.
Preloading 0 native plugins for Editor in 0.00 ms.
Mono: successfully reloaded assembly
- Completed reload, in  1.695 seconds
Platform modules already initialized, skipping
Refreshing native plugins compatible for Editor in 0.86 ms, found 3 plugins.
Preloading 0 native plugins for Editor in 0.00 ms.
Unloading 2307 Unused Serialized files (Serialized files now loaded: 0)
System memory in use before: 105.8 MB.
System memory in use after: 104.7 MB.

Unloading 32 unused Assets to reduce memory usage. Loaded Objects now: 2784.
Total: 4.896100 ms (FindLiveObjects: 0.447800 ms CreateObjectMapping: 0.128400 ms MarkObjects: 2.439200 ms  DeleteObjects: 1.878100 ms)

========================================================================
Received Prepare
Registering precompiled user dll's ...
Registered in 0.007388 seconds.
Begin MonoManager ReloadAssembly
Native extension for WindowsStandalone target not found
Refreshing native plugins compatible for Editor in 1.05 ms, found 3 plugins.
Preloading 0 native plugins for Editor in 0.00 ms.
Mono: successfully reloaded assembly
- Completed reload, in  1.727 seconds
Platform modules already initialized, skipping
Refreshing native plugins compatible for Editor in 0.90 ms, found 3 plugins.
Preloading 0 native plugins for Editor in 0.00 ms.
Unloading 2307 Unused Serialized files (Serialized files now loaded: 0)
System memory in use before: 105.9 MB.
System memory in use after: 104.8 MB.

Unloading 32 unused Assets to reduce memory usage. Loaded Objects now: 2788.
Total: 5.002500 ms (FindLiveObjects: 0.475700 ms CreateObjectMapping: 0.128800 ms MarkObjects: 2.513500 ms  DeleteObjects: 1.883000 ms)

========================================================================
Received Prepare
Registering precompiled user dll's ...
Registered in 0.007908 seconds.
Begin MonoManager ReloadAssembly
Native extension for WindowsStandalone target not found
Refreshing native plugins compatible for Editor in 0.90 ms, found 3 plugins.
Preloading 0 native plugins for Editor in 0.00 ms.
Mono: successfully reloaded assembly
- Completed reload, in  1.668 seconds
Platform modules already initialized, skipping
Refreshing native plugins compatible for Editor in 0.87 ms, found 3 plugins.
Preloading 0 native plugins for Editor in 0.00 ms.
Unloading 2307 Unused Serialized files (Serialized files now loaded: 0)
System memory in use before: 105.9 MB.
System memory in use after: 104.9 MB.

Unloading 32 unused Assets to reduce memory usage. Loaded Objects now: 2792.
Total: 5.268800 ms (FindLiveObjects: 0.510600 ms CreateObjectMapping: 0.151600 ms MarkObjects: 2.693700 ms  DeleteObjects: 1.911400 ms)

========================================================================
Received Prepare
Registering precompiled user dll's ...
Registered in 0.007214 seconds.
Begin MonoManager ReloadAssembly
Native extension for WindowsStandalone target not found
Refreshing native plugins compatible for Editor in 0.84 ms, found 3 plugins.
Preloading 0 native plugins for Editor in 0.00 ms.
Mono: successfully reloaded assembly
- Completed reload, in  1.690 seconds
Platform modules already initialized, skipping
Refreshing native plugins compatible for Editor in 0.87 ms, found 3 plugins.
Preloading 0 native plugins for Editor in 0.00 ms.
Unloading 2307 Unused Serialized files (Serialized files now loaded: 0)
System memory in use before: 105.9 MB.
System memory in use after: 104.9 MB.

Unloading 32 unused Assets to reduce memory usage. Loaded Objects now: 2796.
Total: 5.340100 ms (FindLiveObjects: 0.430600 ms CreateObjectMapping: 0.122900 ms MarkObjects: 2.781900 ms  DeleteObjects: 2.003000 ms)

========================================================================
Received Prepare
Registering precompiled user dll's ...
Registered in 0.006842 seconds.
Begin MonoManager ReloadAssembly
Native extension for WindowsStandalone target not found
Refreshing native plugins compatible for Editor in 0.84 ms, found 3 plugins.
Preloading 0 native plugins for Editor in 0.00 ms.
Mono: successfully reloaded assembly
- Completed reload, in  1.681 seconds
Platform modules already initialized, skipping
Refreshing native plugins compatible for Editor in 0.84 ms, found 3 plugins.
Preloading 0 native plugins for Editor in 0.00 ms.
Unloading 2307 Unused Serialized files (Serialized files now loaded: 0)
System memory in use before: 105.9 MB.
System memory in use after: 104.9 MB.

Unloading 32 unused Assets to reduce memory usage. Loaded Objects now: 2800.
Total: 5.217100 ms (FindLiveObjects: 0.437600 ms CreateObjectMapping: 0.247400 ms MarkObjects: 2.664800 ms  DeleteObjects: 1.866000 ms)

AssetImportWorkerClient::OnTransportError - code=2 error=End of file
